Arguments: 
  /Users/j/.nvm/versions/node/v14.15.0/bin/node /Users/j/.nvm/versions/node/v14.15.0/bin/yarnpkg install

PATH: 
  /usr/local/opt/php@7.1/sbin:/usr/local/opt/php@7.1/bin:/Users/j/anaconda3/bin:/usr/local/lib/ruby/gems/2.6.0/gems/cocoapods-1.10.1/bin:/usr/local/Cellar/ruby/2.6.5/bin:/usr/local/etc/flutter/bin:/Users/j/bin:/usr/local/bin:/usr/local/opt/php@7.1/sbin:/usr/local/opt/php@7.1/bin:/Users/j/anaconda3/bin:/Users/j/.nvm/versions/node/v14.15.0/bin:/usr/local/lib/ruby/gems/2.6.0/gems/cocoapods-1.10.1/bin:/usr/local/Cellar/ruby/2.6.5/bin:/usr/local/etc/flutter/bin:/Users/j/bin:/usr/local/bin:/usr/local/bin:/usr/bin:/bin:/usr/sbin:/sbin:/Users/j/Library/Android/sdk/tools:/Users/j/Library/Android/sdk/platform-tools:/usr/local/mysql/bin:/usr/local/opt/octave/bin:/Users/j/Library/Android/sdk/tools:/Users/j/Library/Android/sdk/platform-tools:/usr/local/mysql/bin:/usr/local/opt/octave/bin

Yarn version: 
  1.22.10

Node version: 
  14.15.0

Platform: 
  darwin x64

Trace: 
  Error: https://registry.npm.taobao.org/expo: tunneling socket could not be established, cause=connect EHOSTUNREACH 0.0.30.210:80 - Local (10.0.44.128:60750)
      at ClientRequest.onError (/Users/j/.nvm/versions/node/v14.15.0/lib/node_modules/yarn/lib/cli.js:152235:17)
      at Object.onceWrapper (events.js:422:26)
      at ClientRequest.emit (events.js:315:20)
      at Socket.socketErrorListener (_http_client.js:469:9)
      at Socket.emit (events.js:315:20)
      at emitErrorNT (internal/streams/destroy.js:106:8)
      at emitErrorCloseNT (internal/streams/destroy.js:74:3)
      at processTicksAndRejections (internal/process/task_queues.js:80:21)

npm manifest: 
  {
    "name": "prudential",
    "version": "1.0.0",
    "main": "node_modules/expo/AppEntry.js",
    "scripts": {
      "start": "expo start",
      "android": "expo start --android",
      "ios": "expo start --ios",
      "web": "expo start --web",
      "eject": "expo eject"
    },
    "dependencies": {
      "expo": "~44.0.0",
      "expo-status-bar": "~1.2.0",
      "react": "17.0.1",
      "react-dom": "17.0.1",
      "react-native": "0.64.3",
      "react-native-web": "0.17.1"
    },
    "devDependencies": {
      "@babel/core": "^7.12.9"
    },
    "private": true
  }

yarn manifest: 
  No manifest

Lockfile: 
  No lockfile
